---------------------------------------------------------------
[ 2019-01-27T10:12:29+08:00 ] 0.0.0.0 GET /tp5/public/index.php/admin/login/index.html
[ info ] localhost/tp5/public/index.php/admin/login/index.html [运行时间：0.020791s][吞吐率：48.10req/s] [内存消耗：221.05kb] [文件加载：42]
[ info ] [ LANG ] D:\wamp\www\tp5\thinkphp\lang\zh-cn.php
[ info ] [ ROUTE ] array (
  'type' => 'module',
  'module' => 
  array (
    0 => 'admin',
    1 => 'login',
    2 => 'index',
  ),
)
[ info ] [ HEADER ] array (
  'host' => 'localhost',
  'connection' => 'keep-alive',
  'cache-control' => 'max-age=0',
  'upgrade-insecure-requests' => '1',
  'user-agent' => 'Mozilla/5.0 (Windows NT 10.0; WOW64) AppleWebKit/537.36 (KHTML, like Gecko) Chrome/70.0.3538.77 Safari/537.36',
  'accept' => 'text/html,application/xhtml+xml,application/xml;q=0.9,image/webp,image/apng,*/*;q=0.8',
  'accept-encoding' => 'gzip, deflate, br',
  'accept-language' => 'zh-CN,zh;q=0.9',
  'cookie' => 'Phpstorm-940db936=17d73fc3-0da8-49bf-81cb-2783263204ce; pgv_pvi=9803183104; accountId=6000000001011331; Webstorm-f6059412=53ba209a-ee0b-4723-86db-4e42e634aeeb; webToken=NbJD5HQ4T08AFVD33LZug5HNKOjnpj1J; PHPSESSID=pccbak7h4vug7fl1ljg9nt0se5',
)
[ info ] [ PARAM ] array (
)
[ info ] [ LOG ] INIT File
---------------------------------------------------------------
[ 2019-01-27T10:14:11+08:00 ] 0.0.0.0 GET /tp5/public/index.php/admin/login/index.html
[ info ] localhost/tp5/public/index.php/admin/login/index.html [运行时间：0.030642s][吞吐率：32.63req/s] [内存消耗：256.09kb] [文件加载：47]
[ info ] [ LANG ] D:\wamp\www\tp5\thinkphp\lang\zh-cn.php
[ info ] [ ROUTE ] array (
  'type' => 'module',
  'module' => 
  array (
    0 => 'admin',
    1 => 'login',
    2 => 'index',
  ),
)
[ info ] [ HEADER ] array (
  'host' => 'localhost',
  'connection' => 'keep-alive',
  'cache-control' => 'max-age=0',
  'upgrade-insecure-requests' => '1',
  'user-agent' => 'Mozilla/5.0 (Windows NT 10.0; WOW64) AppleWebKit/537.36 (KHTML, like Gecko) Chrome/70.0.3538.77 Safari/537.36',
  'accept' => 'text/html,application/xhtml+xml,application/xml;q=0.9,image/webp,image/apng,*/*;q=0.8',
  'accept-encoding' => 'gzip, deflate, br',
  'accept-language' => 'zh-CN,zh;q=0.9',
  'cookie' => 'Phpstorm-940db936=17d73fc3-0da8-49bf-81cb-2783263204ce; pgv_pvi=9803183104; accountId=6000000001011331; Webstorm-f6059412=53ba209a-ee0b-4723-86db-4e42e634aeeb; webToken=NbJD5HQ4T08AFVD33LZug5HNKOjnpj1J; PHPSESSID=pccbak7h4vug7fl1ljg9nt0se5',
)
[ info ] [ PARAM ] array (
)
[ info ] [ RUN ] app\admin\controller\Login->index[ D:\wamp\www\tp5\application\admin\controller\Login.php ]
[ info ] [ VIEW ] D:\wamp\www\tp5\public/../application/admin\view\login\login.html [ array (
) ]
[ info ] [ LOG ] INIT File
---------------------------------------------------------------
[ 2019-01-27T10:14:19+08:00 ] 0.0.0.0 GET /tp5/public/index.php/
[ info ] localhost/tp5/public/index.php/ [运行时间：0.019041s][吞吐率：52.52req/s] [内存消耗：247.41kb] [文件加载：45]
[ info ] [ LANG ] D:\wamp\www\tp5\thinkphp\lang\zh-cn.php
[ info ] [ ROUTE ] array (
  'type' => 'module',
  'module' => 
  array (
    0 => '',
    1 => NULL,
    2 => NULL,
  ),
)
[ info ] [ HEADER ] array (
  'host' => 'localhost',
  'connection' => 'keep-alive',
  'upgrade-insecure-requests' => '1',
  'user-agent' => 'Mozilla/5.0 (Windows NT 10.0; WOW64) AppleWebKit/537.36 (KHTML, like Gecko) Chrome/70.0.3538.77 Safari/537.36',
  'accept' => 'text/html,application/xhtml+xml,application/xml;q=0.9,image/webp,image/apng,*/*;q=0.8',
  'accept-encoding' => 'gzip, deflate, br',
  'accept-language' => 'zh-CN,zh;q=0.9',
  'cookie' => 'Phpstorm-940db936=17d73fc3-0da8-49bf-81cb-2783263204ce; pgv_pvi=9803183104; accountId=6000000001011331; Webstorm-f6059412=53ba209a-ee0b-4723-86db-4e42e634aeeb; webToken=NbJD5HQ4T08AFVD33LZug5HNKOjnpj1J; PHPSESSID=pccbak7h4vug7fl1ljg9nt0se5',
)
[ info ] [ PARAM ] array (
)
[ info ] [ RUN ] app\index\controller\Index->index[ D:\wamp\www\tp5\application\index\controller\Index.php ]
[ info ] [ VIEW ] D:\wamp\www\tp5\public/../application/index\view\index\index.html [ array (
) ]
[ info ] [ LOG ] INIT File
---------------------------------------------------------------
[ 2019-01-27T10:52:07+08:00 ] 0.0.0.0 GET /tp5/public/index.php/
[ info ] localhost/tp5/public/index.php/ [运行时间：0.015263s][吞吐率：65.52req/s] [内存消耗：248.17kb] [文件加载：45]
[ info ] [ LANG ] D:\wamp\www\tp5\thinkphp\lang\zh-cn.php
[ info ] [ ROUTE ] array (
  'type' => 'module',
  'module' => 
  array (
    0 => '',
    1 => NULL,
    2 => NULL,
  ),
)
[ info ] [ HEADER ] array (
  'host' => 'localhost',
  'connection' => 'keep-alive',
  'cache-control' => 'max-age=0',
  'upgrade-insecure-requests' => '1',
  'user-agent' => 'Mozilla/5.0 (Windows NT 10.0; WOW64) AppleWebKit/537.36 (KHTML, like Gecko) Chrome/70.0.3538.77 Safari/537.36',
  'accept' => 'text/html,application/xhtml+xml,application/xml;q=0.9,image/webp,image/apng,*/*;q=0.8',
  'accept-encoding' => 'gzip, deflate, br',
  'accept-language' => 'zh-CN,zh;q=0.9',
  'cookie' => 'Phpstorm-940db936=17d73fc3-0da8-49bf-81cb-2783263204ce; pgv_pvi=9803183104; accountId=6000000001011331; Webstorm-f6059412=53ba209a-ee0b-4723-86db-4e42e634aeeb; webToken=NbJD5HQ4T08AFVD33LZug5HNKOjnpj1J; PHPSESSID=pccbak7h4vug7fl1ljg9nt0se5',
)
[ info ] [ PARAM ] array (
)
[ info ] [ RUN ] app\index\controller\Index->index[ D:\wamp\www\tp5\application\index\controller\Index.php ]
[ info ] [ VIEW ] D:\wamp\www\tp5\public/../application/index\view\index\index.html [ array (
) ]
[ info ] [ LOG ] INIT File
