---------------------------------------------------------------
[ 2019-02-01T17:35:54+08:00 ] 0.0.0.0 GET /tp5/public/index.php?_ijt=bov6p4ve62bt83i461k7qsa73t
[ info ] localhost/tp5/public/index.php?_ijt=bov6p4ve62bt83i461k7qsa73t [运行时间：0.094314s][吞吐率：10.60req/s] [内存消耗：379.26kb] [文件加载：46]
[ info ] [ LANG ] D:\wamp\www\tp5\thinkphp\lang\zh-cn.php
[ info ] [ ROUTE ] array (
  'type' => 'module',
  'module' => 
  array (
    0 => '',
    1 => NULL,
    2 => NULL,
  ),
)
[ info ] [ HEADER ] array (
  'host' => 'localhost',
  'connection' => 'keep-alive',
  'upgrade-insecure-requests' => '1',
  'user-agent' => 'Mozilla/5.0 (Windows NT 10.0; WOW64) AppleWebKit/537.36 (KHTML, like Gecko) Chrome/70.0.3538.77 Safari/537.36',
  'accept' => 'text/html,application/xhtml+xml,application/xml;q=0.9,image/webp,image/apng,*/*;q=0.8',
  'accept-encoding' => 'gzip, deflate, br',
  'accept-language' => 'zh-CN,zh;q=0.9',
  'cookie' => '_ga=GA1.1.1487500379.1548779839; Phpstorm-940db936=17d73fc3-0da8-49bf-81cb-2783263204ce',
)
[ info ] [ PARAM ] array (
  '_ijt' => 'bov6p4ve62bt83i461k7qsa73t',
)
[ info ] [ RUN ] app\index\controller\Index->index[ D:\wamp\www\tp5\application\index\controller\Index.php ]
[ info ] [ SESSION ] INIT array (
  'id' => '',
  'var_session_id' => '',
  'prefix' => 'think',
  'type' => '',
  'auto_start' => true,
)
[ info ] [ LOG ] INIT File
---------------------------------------------------------------
[ 2019-02-01T17:35:54+08:00 ] 0.0.0.0 GET /tp5/public/index.php/index/login/index.html
[ info ] localhost/tp5/public/index.php/index/login/index.html [运行时间：0.012831s][吞吐率：77.94req/s] [内存消耗：217.73kb] [文件加载：39]
[ info ] [ LANG ] D:\wamp\www\tp5\thinkphp\lang\zh-cn.php
[ info ] [ ROUTE ] array (
  'type' => 'module',
  'module' => 
  array (
    0 => 'index',
    1 => 'login',
    2 => 'index',
  ),
)
[ info ] [ HEADER ] array (
  'host' => 'localhost',
  'connection' => 'keep-alive',
  'upgrade-insecure-requests' => '1',
  'user-agent' => 'Mozilla/5.0 (Windows NT 10.0; WOW64) AppleWebKit/537.36 (KHTML, like Gecko) Chrome/70.0.3538.77 Safari/537.36',
  'accept' => 'text/html,application/xhtml+xml,application/xml;q=0.9,image/webp,image/apng,*/*;q=0.8',
  'accept-encoding' => 'gzip, deflate, br',
  'accept-language' => 'zh-CN,zh;q=0.9',
  'cookie' => '_ga=GA1.1.1487500379.1548779839; Phpstorm-940db936=17d73fc3-0da8-49bf-81cb-2783263204ce; PHPSESSID=fpfhff5qq99vrgo3la521ea096',
)
[ info ] [ PARAM ] array (
)
[ info ] [ LOG ] INIT File
---------------------------------------------------------------
[ 2019-02-01T17:37:00+08:00 ] 0.0.0.0 GET /tp5/public/index.php/index/login/index.html
[ info ] localhost/tp5/public/index.php/index/login/index.html [运行时间：0.015234s][吞吐率：65.64req/s] [内存消耗：221.84kb] [文件加载：42]
[ info ] [ LANG ] D:\wamp\www\tp5\thinkphp\lang\zh-cn.php
[ info ] [ ROUTE ] array (
  'type' => 'module',
  'module' => 
  array (
    0 => 'index',
    1 => 'login',
    2 => 'index',
  ),
)
[ info ] [ HEADER ] array (
  'host' => 'localhost',
  'connection' => 'keep-alive',
  'cache-control' => 'max-age=0',
  'upgrade-insecure-requests' => '1',
  'user-agent' => 'Mozilla/5.0 (Windows NT 10.0; WOW64) AppleWebKit/537.36 (KHTML, like Gecko) Chrome/70.0.3538.77 Safari/537.36',
  'accept' => 'text/html,application/xhtml+xml,application/xml;q=0.9,image/webp,image/apng,*/*;q=0.8',
  'accept-encoding' => 'gzip, deflate, br',
  'accept-language' => 'zh-CN,zh;q=0.9',
  'cookie' => '_ga=GA1.1.1487500379.1548779839; Phpstorm-940db936=17d73fc3-0da8-49bf-81cb-2783263204ce; PHPSESSID=fpfhff5qq99vrgo3la521ea096',
)
[ info ] [ PARAM ] array (
)
[ info ] [ LOG ] INIT File
---------------------------------------------------------------
[ 2019-02-01T17:37:18+08:00 ] 0.0.0.0 GET /tp5/public/index.php?_ijt=p94s7alotq9sd1rfald61l3eqb
[ info ] localhost/tp5/public/index.php?_ijt=p94s7alotq9sd1rfald61l3eqb [运行时间：0.009958s][吞吐率：100.42req/s] [内存消耗：245.89kb] [文件加载：46]
[ info ] [ LANG ] D:\wamp\www\tp5\thinkphp\lang\zh-cn.php
[ info ] [ ROUTE ] array (
  'type' => 'module',
  'module' => 
  array (
    0 => '',
    1 => NULL,
    2 => NULL,
  ),
)
[ info ] [ HEADER ] array (
  'host' => 'localhost',
  'connection' => 'keep-alive',
  'upgrade-insecure-requests' => '1',
  'user-agent' => 'Mozilla/5.0 (Windows NT 10.0; WOW64) AppleWebKit/537.36 (KHTML, like Gecko) Chrome/70.0.3538.77 Safari/537.36',
  'accept' => 'text/html,application/xhtml+xml,application/xml;q=0.9,image/webp,image/apng,*/*;q=0.8',
  'accept-encoding' => 'gzip, deflate, br',
  'accept-language' => 'zh-CN,zh;q=0.9',
  'cookie' => '_ga=GA1.1.1487500379.1548779839; Phpstorm-940db936=17d73fc3-0da8-49bf-81cb-2783263204ce; PHPSESSID=fpfhff5qq99vrgo3la521ea096',
)
[ info ] [ PARAM ] array (
  '_ijt' => 'p94s7alotq9sd1rfald61l3eqb',
)
[ info ] [ RUN ] app\index\controller\Index->index[ D:\wamp\www\tp5\application\index\controller\Index.php ]
[ info ] [ SESSION ] INIT array (
  'id' => '',
  'var_session_id' => '',
  'prefix' => 'think',
  'type' => '',
  'auto_start' => true,
)
[ info ] [ LOG ] INIT File
---------------------------------------------------------------
[ 2019-02-01T17:37:18+08:00 ] 0.0.0.0 GET /tp5/public/index.php/index/login/index.html
[ info ] localhost/tp5/public/index.php/index/login/index.html [运行时间：0.018900s][吞吐率：52.91req/s] [内存消耗：220.12kb] [文件加载：42]
[ info ] [ LANG ] D:\wamp\www\tp5\thinkphp\lang\zh-cn.php
[ info ] [ ROUTE ] array (
  'type' => 'module',
  'module' => 
  array (
    0 => 'index',
    1 => 'login',
    2 => 'index',
  ),
)
[ info ] [ HEADER ] array (
  'host' => 'localhost',
  'connection' => 'keep-alive',
  'upgrade-insecure-requests' => '1',
  'user-agent' => 'Mozilla/5.0 (Windows NT 10.0; WOW64) AppleWebKit/537.36 (KHTML, like Gecko) Chrome/70.0.3538.77 Safari/537.36',
  'accept' => 'text/html,application/xhtml+xml,application/xml;q=0.9,image/webp,image/apng,*/*;q=0.8',
  'accept-encoding' => 'gzip, deflate, br',
  'accept-language' => 'zh-CN,zh;q=0.9',
  'cookie' => '_ga=GA1.1.1487500379.1548779839; Phpstorm-940db936=17d73fc3-0da8-49bf-81cb-2783263204ce; PHPSESSID=fpfhff5qq99vrgo3la521ea096',
)
[ info ] [ PARAM ] array (
)
[ info ] [ LOG ] INIT File
---------------------------------------------------------------
[ 2019-02-01T17:37:38+08:00 ] 0.0.0.0 GET /tp5/public/index.php/index/login/index.html
[ info ] localhost/tp5/public/index.php/index/login/index.html [运行时间：0.022960s][吞吐率：43.55req/s] [内存消耗：255.90kb] [文件加载：47]
[ info ] [ LANG ] D:\wamp\www\tp5\thinkphp\lang\zh-cn.php
[ info ] [ ROUTE ] array (
  'type' => 'module',
  'module' => 
  array (
    0 => 'index',
    1 => 'login',
    2 => 'index',
  ),
)
[ info ] [ HEADER ] array (
  'host' => 'localhost',
  'connection' => 'keep-alive',
  'cache-control' => 'max-age=0',
  'upgrade-insecure-requests' => '1',
  'user-agent' => 'Mozilla/5.0 (Windows NT 10.0; WOW64) AppleWebKit/537.36 (KHTML, like Gecko) Chrome/70.0.3538.77 Safari/537.36',
  'accept' => 'text/html,application/xhtml+xml,application/xml;q=0.9,image/webp,image/apng,*/*;q=0.8',
  'accept-encoding' => 'gzip, deflate, br',
  'accept-language' => 'zh-CN,zh;q=0.9',
  'cookie' => '_ga=GA1.1.1487500379.1548779839; Phpstorm-940db936=17d73fc3-0da8-49bf-81cb-2783263204ce; PHPSESSID=fpfhff5qq99vrgo3la521ea096',
)
[ info ] [ PARAM ] array (
)
[ info ] [ RUN ] app\index\controller\Login->index[ D:\wamp\www\tp5\application\index\controller\Login.php ]
[ info ] [ VIEW ] D:\wamp\www\tp5\public/../application/index\view\login\login.html [ array (
) ]
[ info ] [ LOG ] INIT File
---------------------------------------------------------------
[ 2019-02-01T17:38:15+08:00 ] 0.0.0.0 POST /tp5/public/index.php/index/login/relogin.html
[ info ] localhost/tp5/public/index.php/index/login/relogin.html [运行时间：0.013316s][吞吐率：75.10req/s] [内存消耗：229.30kb] [文件加载：45]
[ info ] [ LANG ] D:\wamp\www\tp5\thinkphp\lang\zh-cn.php
[ info ] [ ROUTE ] array (
  'type' => 'module',
  'module' => 
  array (
    0 => 'index',
    1 => 'login',
    2 => 'relogin',
  ),
)
[ info ] [ HEADER ] array (
  'host' => 'localhost',
  'connection' => 'keep-alive',
  'content-length' => '30',
  'cache-control' => 'max-age=0',
  'origin' => 'http://localhost',
  'upgrade-insecure-requests' => '1',
  'content-type' => 'application/x-www-form-urlencoded',
  'user-agent' => 'Mozilla/5.0 (Windows NT 10.0; WOW64) AppleWebKit/537.36 (KHTML, like Gecko) Chrome/70.0.3538.77 Safari/537.36',
  'accept' => 'text/html,application/xhtml+xml,application/xml;q=0.9,image/webp,image/apng,*/*;q=0.8',
  'referer' => 'http://localhost/tp5/public/index.php/index/login/index.html',
  'accept-encoding' => 'gzip, deflate, br',
  'accept-language' => 'zh-CN,zh;q=0.9',
  'cookie' => '_ga=GA1.1.1487500379.1548779839; Phpstorm-940db936=17d73fc3-0da8-49bf-81cb-2783263204ce; PHPSESSID=fpfhff5qq99vrgo3la521ea096',
)
[ info ] [ PARAM ] array (
  'username' => 'admin',
  'password' => '123456',
)
[ info ] [ RUN ] app\index\controller\Login->relogin[ D:\wamp\www\tp5\application\index\controller\Login.php ]
[ info ] [ LOG ] INIT File
[ error ] [0]类不存在:app\common\model\User[D:\wamp\www\tp5\thinkphp\library\think\Loader.php:437]
---------------------------------------------------------------
[ 2019-02-01T17:54:36+08:00 ] 0.0.0.0 POST /tp5/public/index.php/index/login/relogin.html
[ info ] localhost/tp5/public/index.php/index/login/relogin.html [运行时间：0.042823s][吞吐率：23.35req/s] [内存消耗：316.94kb] [文件加载：47]
[ info ] [ LANG ] D:\wamp\www\tp5\thinkphp\lang\zh-cn.php
[ info ] [ ROUTE ] array (
  'type' => 'module',
  'module' => 
  array (
    0 => 'index',
    1 => 'login',
    2 => 'relogin',
  ),
)
[ info ] [ HEADER ] array (
  'host' => 'localhost',
  'connection' => 'keep-alive',
  'content-length' => '30',
  'cache-control' => 'max-age=0',
  'origin' => 'http://localhost',
  'upgrade-insecure-requests' => '1',
  'content-type' => 'application/x-www-form-urlencoded',
  'user-agent' => 'Mozilla/5.0 (Windows NT 10.0; WOW64) AppleWebKit/537.36 (KHTML, like Gecko) Chrome/70.0.3538.77 Safari/537.36',
  'accept' => 'text/html,application/xhtml+xml,application/xml;q=0.9,image/webp,image/apng,*/*;q=0.8',
  'referer' => 'http://localhost/tp5/public/index.php/index/login/index.html',
  'accept-encoding' => 'gzip, deflate, br',
  'accept-language' => 'zh-CN,zh;q=0.9',
  'cookie' => '_ga=GA1.1.1487500379.1548779839; Phpstorm-940db936=17d73fc3-0da8-49bf-81cb-2783263204ce; PHPSESSID=fpfhff5qq99vrgo3la521ea096',
)
[ info ] [ PARAM ] array (
  'username' => 'admin',
  'password' => '123456',
)
[ info ] [ RUN ] app\index\controller\Login->relogin[ D:\wamp\www\tp5\application\index\controller\Login.php ]
[ info ] [ LOG ] INIT File
[ error ] [0]类不存在:app\common\model\User[D:\wamp\www\tp5\thinkphp\library\think\Loader.php:437]
---------------------------------------------------------------
[ 2019-02-01T17:54:44+08:00 ] 0.0.0.0 GET /tp5/public/index.php/admin/login/index.html
[ info ] localhost/tp5/public/index.php/admin/login/index.html [运行时间：0.013514s][吞吐率：74.00req/s] [内存消耗：246.09kb] [文件加载：45]
[ info ] [ LANG ] D:\wamp\www\tp5\thinkphp\lang\zh-cn.php
[ info ] [ ROUTE ] array (
  'type' => 'module',
  'module' => 
  array (
    0 => 'admin',
    1 => 'login',
    2 => 'index',
  ),
)
[ info ] [ HEADER ] array (
  'host' => 'localhost',
  'connection' => 'keep-alive',
  'upgrade-insecure-requests' => '1',
  'user-agent' => 'Mozilla/5.0 (Windows NT 10.0; WOW64) AppleWebKit/537.36 (KHTML, like Gecko) Chrome/70.0.3538.77 Safari/537.36',
  'accept' => 'text/html,application/xhtml+xml,application/xml;q=0.9,image/webp,image/apng,*/*;q=0.8',
  'accept-encoding' => 'gzip, deflate, br',
  'accept-language' => 'zh-CN,zh;q=0.9',
  'cookie' => '_ga=GA1.1.1487500379.1548779839; Phpstorm-940db936=17d73fc3-0da8-49bf-81cb-2783263204ce; PHPSESSID=fpfhff5qq99vrgo3la521ea096',
)
[ info ] [ PARAM ] array (
)
[ info ] [ RUN ] app\admin\controller\Login->index[ D:\wamp\www\tp5\application\admin\controller\Login.php ]
[ info ] [ VIEW ] D:\wamp\www\tp5\public/../application/admin\view\login\login.html [ array (
) ]
[ info ] [ LOG ] INIT File
---------------------------------------------------------------
[ 2019-02-01T17:54:50+08:00 ] 0.0.0.0 POST /tp5/public/index.php/admin/login/relogin.html
[ info ] localhost/tp5/public/index.php/admin/login/relogin.html [运行时间：0.097746s][吞吐率：10.23req/s] [内存消耗：574.37kb] [文件加载：56]
[ info ] [ LANG ] D:\wamp\www\tp5\thinkphp\lang\zh-cn.php
[ info ] [ ROUTE ] array (
  'type' => 'module',
  'module' => 
  array (
    0 => 'admin',
    1 => 'login',
    2 => 'relogin',
  ),
)
[ info ] [ HEADER ] array (
  'host' => 'localhost',
  'connection' => 'keep-alive',
  'content-length' => '30',
  'cache-control' => 'max-age=0',
  'origin' => 'http://localhost',
  'upgrade-insecure-requests' => '1',
  'content-type' => 'application/x-www-form-urlencoded',
  'user-agent' => 'Mozilla/5.0 (Windows NT 10.0; WOW64) AppleWebKit/537.36 (KHTML, like Gecko) Chrome/70.0.3538.77 Safari/537.36',
  'accept' => 'text/html,application/xhtml+xml,application/xml;q=0.9,image/webp,image/apng,*/*;q=0.8',
  'referer' => 'http://localhost/tp5/public/index.php/admin/login/index.html',
  'accept-encoding' => 'gzip, deflate, br',
  'accept-language' => 'zh-CN,zh;q=0.9',
  'cookie' => '_ga=GA1.1.1487500379.1548779839; Phpstorm-940db936=17d73fc3-0da8-49bf-81cb-2783263204ce; PHPSESSID=fpfhff5qq99vrgo3la521ea096',
)
[ info ] [ PARAM ] array (
  'username' => 'admin',
  'password' => '123456',
)
[ info ] [ RUN ] app\admin\controller\Login->relogin[ D:\wamp\www\tp5\application\admin\controller\Login.php ]
[ info ] [ DB ] INIT mysql
[ info ] [ SESSION ] INIT array (
  'id' => '',
  'var_session_id' => '',
  'prefix' => 'think',
  'type' => '',
  'auto_start' => true,
)
[ info ] [ VIEW ] D:\wamp\www\tp5\thinkphp\tpl\dispatch_jump.tpl [ array (
  0 => 'code',
  1 => 'msg',
  2 => 'data',
  3 => 'url',
  4 => 'wait',
) ]
[ info ] [ LOG ] INIT File
[ sql ] [ DB ] CONNECT:[ UseTime:0.014582s ] mysql:host=127.0.0.1;dbname=depot;charset=utf8
[ sql ] [ SQL ] SHOW COLUMNS FROM `user` [ RunTime:0.004648s ]
[ sql ] [ SQL ] SELECT * FROM `user` WHERE  `username` = 'admin'  AND `password` = 'e10adc3949ba59abbe56e057f20f883e'  AND `terminal` = 1 LIMIT 1 [ RunTime:0.001470s ]
---------------------------------------------------------------
[ 2019-02-01T17:54:53+08:00 ] 0.0.0.0 GET /tp5/public/index.php/admin/index/index.html
[ info ] localhost/tp5/public/index.php/admin/index/index.html [运行时间：0.024690s][吞吐率：40.50req/s] [内存消耗：265.09kb] [文件加载：48]
[ info ] [ LANG ] D:\wamp\www\tp5\thinkphp\lang\zh-cn.php
[ info ] [ ROUTE ] array (
  'type' => 'module',
  'module' => 
  array (
    0 => 'admin',
    1 => 'index',
    2 => 'index',
  ),
)
[ info ] [ HEADER ] array (
  'host' => 'localhost',
  'connection' => 'keep-alive',
  'upgrade-insecure-requests' => '1',
  'user-agent' => 'Mozilla/5.0 (Windows NT 10.0; WOW64) AppleWebKit/537.36 (KHTML, like Gecko) Chrome/70.0.3538.77 Safari/537.36',
  'accept' => 'text/html,application/xhtml+xml,application/xml;q=0.9,image/webp,image/apng,*/*;q=0.8',
  'referer' => 'http://localhost/tp5/public/index.php/admin/login/relogin.html',
  'accept-encoding' => 'gzip, deflate, br',
  'accept-language' => 'zh-CN,zh;q=0.9',
  'cookie' => '_ga=GA1.1.1487500379.1548779839; Phpstorm-940db936=17d73fc3-0da8-49bf-81cb-2783263204ce; PHPSESSID=fpfhff5qq99vrgo3la521ea096',
)
[ info ] [ PARAM ] array (
)
[ info ] [ RUN ] app\admin\controller\Index->index[ D:\wamp\www\tp5\application\admin\controller\Index.php ]
[ info ] [ SESSION ] INIT array (
  'id' => '',
  'var_session_id' => '',
  'prefix' => 'think',
  'type' => '',
  'auto_start' => true,
)
[ info ] [ VIEW ] D:\wamp\www\tp5\public/../application/admin\view\index\layout.html [ array (
  0 => 'menulist',
  1 => 'username',
) ]
[ info ] [ LOG ] INIT File
---------------------------------------------------------------
[ 2019-02-01T17:54:53+08:00 ] 0.0.0.0 GET /tp5/public/index.php/admin/index/welcome.html
[ info ] localhost/tp5/public/index.php/admin/index/welcome.html [运行时间：0.013954s][吞吐率：71.66req/s] [内存消耗：250.50kb] [文件加载：46]
[ info ] [ LANG ] D:\wamp\www\tp5\thinkphp\lang\zh-cn.php
[ info ] [ ROUTE ] array (
  'type' => 'module',
  'module' => 
  array (
    0 => 'admin',
    1 => 'index',
    2 => 'welcome',
  ),
)
[ info ] [ HEADER ] array (
  'host' => 'localhost',
  'connection' => 'keep-alive',
  'upgrade-insecure-requests' => '1',
  'user-agent' => 'Mozilla/5.0 (Windows NT 10.0; WOW64) AppleWebKit/537.36 (KHTML, like Gecko) Chrome/70.0.3538.77 Safari/537.36',
  'accept' => 'text/html,application/xhtml+xml,application/xml;q=0.9,image/webp,image/apng,*/*;q=0.8',
  'referer' => 'http://localhost/tp5/public/index.php/admin/index/index.html',
  'accept-encoding' => 'gzip, deflate, br',
  'accept-language' => 'zh-CN,zh;q=0.9',
  'cookie' => '_ga=GA1.1.1487500379.1548779839; Phpstorm-940db936=17d73fc3-0da8-49bf-81cb-2783263204ce; PHPSESSID=fpfhff5qq99vrgo3la521ea096',
)
[ info ] [ PARAM ] array (
)
[ info ] [ RUN ] app\admin\controller\Index->welcome[ D:\wamp\www\tp5\application\admin\controller\Index.php ]
[ info ] [ VIEW ] D:\wamp\www\tp5\public/../application/admin\view\index\welcome.html [ array (
) ]
[ info ] [ LOG ] INIT File
---------------------------------------------------------------
[ 2019-02-01T17:55:16+08:00 ] 0.0.0.0 GET /tp5/public/index.php/admin/position/add.html
[ info ] localhost/tp5/public/index.php/admin/position/add.html [运行时间：0.022915s][吞吐率：43.64req/s] [内存消耗：253.07kb] [文件加载：47]
[ info ] [ LANG ] D:\wamp\www\tp5\thinkphp\lang\zh-cn.php
[ info ] [ ROUTE ] array (
  'type' => 'module',
  'module' => 
  array (
    0 => 'admin',
    1 => 'position',
    2 => 'add',
  ),
)
[ info ] [ HEADER ] array (
  'host' => 'localhost',
  'connection' => 'keep-alive',
  'upgrade-insecure-requests' => '1',
  'user-agent' => 'Mozilla/5.0 (Windows NT 10.0; WOW64) AppleWebKit/537.36 (KHTML, like Gecko) Chrome/70.0.3538.77 Safari/537.36',
  'accept' => 'text/html,application/xhtml+xml,application/xml;q=0.9,image/webp,image/apng,*/*;q=0.8',
  'referer' => 'http://localhost/tp5/public/index.php/admin/index/index.html',
  'accept-encoding' => 'gzip, deflate, br',
  'accept-language' => 'zh-CN,zh;q=0.9',
  'cookie' => '_ga=GA1.1.1487500379.1548779839; Phpstorm-940db936=17d73fc3-0da8-49bf-81cb-2783263204ce; PHPSESSID=fpfhff5qq99vrgo3la521ea096',
)
[ info ] [ PARAM ] array (
)
[ info ] [ RUN ] app\admin\controller\Position->add[ D:\wamp\www\tp5\application\admin\controller\Position.php ]
[ info ] [ VIEW ] D:\wamp\www\tp5\public/../application/admin\view\position\index.html [ array (
) ]
[ info ] [ LOG ] INIT File
---------------------------------------------------------------
[ 2019-02-01T17:55:17+08:00 ] 0.0.0.0 GET /tp5/public/index.php/admin/position/show.html
[ info ] localhost/tp5/public/index.php/admin/position/show.html [运行时间：0.045775s][吞吐率：21.85req/s] [内存消耗：513.45kb] [文件加载：59]
[ info ] [ LANG ] D:\wamp\www\tp5\thinkphp\lang\zh-cn.php
[ info ] [ ROUTE ] array (
  'type' => 'module',
  'module' => 
  array (
    0 => 'admin',
    1 => 'position',
    2 => 'show',
  ),
)
[ info ] [ HEADER ] array (
  'host' => 'localhost',
  'connection' => 'keep-alive',
  'upgrade-insecure-requests' => '1',
  'user-agent' => 'Mozilla/5.0 (Windows NT 10.0; WOW64) AppleWebKit/537.36 (KHTML, like Gecko) Chrome/70.0.3538.77 Safari/537.36',
  'accept' => 'text/html,application/xhtml+xml,application/xml;q=0.9,image/webp,image/apng,*/*;q=0.8',
  'referer' => 'http://localhost/tp5/public/index.php/admin/index/index.html',
  'accept-encoding' => 'gzip, deflate, br',
  'accept-language' => 'zh-CN,zh;q=0.9',
  'cookie' => '_ga=GA1.1.1487500379.1548779839; Phpstorm-940db936=17d73fc3-0da8-49bf-81cb-2783263204ce; PHPSESSID=fpfhff5qq99vrgo3la521ea096',
)
[ info ] [ PARAM ] array (
)
[ info ] [ RUN ] app\admin\controller\Position->show[ D:\wamp\www\tp5\application\admin\controller\Position.php ]
[ info ] [ DB ] INIT mysql
[ info ] [ VIEW ] D:\wamp\www\tp5\public/../application/admin\view\position\show.html [ array (
  0 => 'searcharr',
  1 => 'data',
) ]
[ info ] [ LOG ] INIT File
[ sql ] [ DB ] CONNECT:[ UseTime:0.011960s ] mysql:host=127.0.0.1;dbname=depot;charset=utf8
[ sql ] [ SQL ] SHOW COLUMNS FROM `position` [ RunTime:0.002186s ]
[ sql ] [ SQL ] SELECT COUNT(*) AS tp_count FROM `position` LIMIT 1 [ RunTime:0.000722s ]
[ sql ] [ SQL ] SELECT * FROM `position` ORDER BY posid desc LIMIT 0,15 [ RunTime:0.000710s ]
---------------------------------------------------------------
[ 2019-02-01T17:55:20+08:00 ] 0.0.0.0 GET /tp5/public/index.php/admin/user/add.html
[ info ] localhost/tp5/public/index.php/admin/user/add.html [运行时间：0.019014s][吞吐率：52.59req/s] [内存消耗：253.52kb] [文件加载：47]
[ info ] [ LANG ] D:\wamp\www\tp5\thinkphp\lang\zh-cn.php
[ info ] [ ROUTE ] array (
  'type' => 'module',
  'module' => 
  array (
    0 => 'admin',
    1 => 'user',
    2 => 'add',
  ),
)
[ info ] [ HEADER ] array (
  'host' => 'localhost',
  'connection' => 'keep-alive',
  'upgrade-insecure-requests' => '1',
  'user-agent' => 'Mozilla/5.0 (Windows NT 10.0; WOW64) AppleWebKit/537.36 (KHTML, like Gecko) Chrome/70.0.3538.77 Safari/537.36',
  'accept' => 'text/html,application/xhtml+xml,application/xml;q=0.9,image/webp,image/apng,*/*;q=0.8',
  'referer' => 'http://localhost/tp5/public/index.php/admin/index/index.html',
  'accept-encoding' => 'gzip, deflate, br',
  'accept-language' => 'zh-CN,zh;q=0.9',
  'cookie' => '_ga=GA1.1.1487500379.1548779839; Phpstorm-940db936=17d73fc3-0da8-49bf-81cb-2783263204ce; PHPSESSID=fpfhff5qq99vrgo3la521ea096',
)
[ info ] [ PARAM ] array (
)
[ info ] [ RUN ] app\admin\controller\User->add[ D:\wamp\www\tp5\application\admin\controller\User.php ]
[ info ] [ VIEW ] D:\wamp\www\tp5\public/../application/admin\view\user\add.html [ array (
) ]
[ info ] [ LOG ] INIT File
---------------------------------------------------------------
[ 2019-02-01T17:55:21+08:00 ] 0.0.0.0 GET /tp5/public/index.php/admin/user/show.html
[ info ] localhost/tp5/public/index.php/admin/user/show.html [运行时间：0.053129s][吞吐率：18.82req/s] [内存消耗：514.03kb] [文件加载：59]
[ info ] [ LANG ] D:\wamp\www\tp5\thinkphp\lang\zh-cn.php
[ info ] [ ROUTE ] array (
  'type' => 'module',
  'module' => 
  array (
    0 => 'admin',
    1 => 'user',
    2 => 'show',
  ),
)
[ info ] [ HEADER ] array (
  'host' => 'localhost',
  'connection' => 'keep-alive',
  'upgrade-insecure-requests' => '1',
  'user-agent' => 'Mozilla/5.0 (Windows NT 10.0; WOW64) AppleWebKit/537.36 (KHTML, like Gecko) Chrome/70.0.3538.77 Safari/537.36',
  'accept' => 'text/html,application/xhtml+xml,application/xml;q=0.9,image/webp,image/apng,*/*;q=0.8',
  'referer' => 'http://localhost/tp5/public/index.php/admin/index/index.html',
  'accept-encoding' => 'gzip, deflate, br',
  'accept-language' => 'zh-CN,zh;q=0.9',
  'cookie' => '_ga=GA1.1.1487500379.1548779839; Phpstorm-940db936=17d73fc3-0da8-49bf-81cb-2783263204ce; PHPSESSID=fpfhff5qq99vrgo3la521ea096',
)
[ info ] [ PARAM ] array (
)
[ info ] [ RUN ] app\admin\controller\User->show[ D:\wamp\www\tp5\application\admin\controller\User.php ]
[ info ] [ DB ] INIT mysql
[ info ] [ VIEW ] D:\wamp\www\tp5\public/../application/admin\view\user\show.html [ array (
  0 => 'data',
) ]
[ info ] [ LOG ] INIT File
[ sql ] [ DB ] CONNECT:[ UseTime:0.016850s ] mysql:host=127.0.0.1;dbname=depot;charset=utf8
[ sql ] [ SQL ] SHOW COLUMNS FROM `user` [ RunTime:0.001598s ]
[ sql ] [ SQL ] SELECT COUNT(*) AS tp_count FROM `user` LIMIT 1 [ RunTime:0.009027s ]
[ sql ] [ SQL ] SELECT * FROM `user` ORDER BY id desc LIMIT 0,10 [ RunTime:0.001181s ]
---------------------------------------------------------------
[ 2019-02-01T17:55:35+08:00 ] 0.0.0.0 GET /tp5/public/static/css/bootstrap.min.css.map
[ info ] localhost/tp5/public/static/css/bootstrap.min.css.map [运行时间：0.016311s][吞吐率：61.31req/s] [内存消耗：214.43kb] [文件加载：38]
[ info ] [ LANG ] D:\wamp\www\tp5\thinkphp\lang\zh-cn.php
[ info ] [ ROUTE ] array (
  'type' => 'module',
  'module' => 
  array (
    0 => 'static',
    1 => 'css',
    2 => 'bootstrap.min.css.map',
  ),
)
[ info ] [ HEADER ] array (
  'host' => 'localhost',
  'connection' => 'keep-alive',
  'user-agent' => 'Mozilla/5.0 (iPhone; CPU iPhone OS 11_0 like Mac OS X) AppleWebKit/604.1.38 (KHTML, like Gecko) Version/11.0 Mobile/15A372 Safari/604.1',
  'cache-control' => 'no-cache',
  'accept-encoding' => 'gzip, deflate, br',
  'accept-language' => 'zh-CN,zh;q=0.9',
  'cookie' => '_ga=GA1.1.1487500379.1548779839; Phpstorm-940db936=17d73fc3-0da8-49bf-81cb-2783263204ce; PHPSESSID=fpfhff5qq99vrgo3la521ea096',
)
[ info ] [ PARAM ] array (
)
[ info ] [ LOG ] INIT File
---------------------------------------------------------------
[ 2019-02-01T17:55:41+08:00 ] 0.0.0.0 GET /tp5/public/index.php/admin/index/index.html
[ info ] localhost/tp5/public/index.php/admin/index/index.html [运行时间：0.015428s][吞吐率：64.82req/s] [内存消耗：248.81kb] [文件加载：46]
[ info ] [ LANG ] D:\wamp\www\tp5\thinkphp\lang\zh-cn.php
[ info ] [ ROUTE ] array (
  'type' => 'module',
  'module' => 
  array (
    0 => 'admin',
    1 => 'index',
    2 => 'index',
  ),
)
[ info ] [ HEADER ] array (
  'host' => 'localhost',
  'connection' => 'keep-alive',
  'pragma' => 'no-cache',
  'cache-control' => 'no-cache',
  'upgrade-insecure-requests' => '1',
  'user-agent' => 'Mozilla/5.0 (iPhone; CPU iPhone OS 11_0 like Mac OS X) AppleWebKit/604.1.38 (KHTML, like Gecko) Version/11.0 Mobile/15A372 Safari/604.1',
  'accept' => 'text/html,application/xhtml+xml,application/xml;q=0.9,image/webp,image/apng,*/*;q=0.8',
  'accept-encoding' => 'gzip, deflate, br',
  'accept-language' => 'zh-CN,zh;q=0.9',
  'cookie' => '_ga=GA1.1.1487500379.1548779839; Phpstorm-940db936=17d73fc3-0da8-49bf-81cb-2783263204ce; PHPSESSID=fpfhff5qq99vrgo3la521ea096',
)
[ info ] [ PARAM ] array (
)
[ info ] [ RUN ] app\admin\controller\Index->index[ D:\wamp\www\tp5\application\admin\controller\Index.php ]
[ info ] [ SESSION ] INIT array (
  'id' => '',
  'var_session_id' => '',
  'prefix' => 'think',
  'type' => '',
  'auto_start' => true,
)
[ info ] [ VIEW ] D:\wamp\www\tp5\public/../application/admin\view\index\layout.html [ array (
  0 => 'menulist',
  1 => 'username',
) ]
[ info ] [ LOG ] INIT File
---------------------------------------------------------------
[ 2019-02-01T17:55:41+08:00 ] 0.0.0.0 GET /tp5/public/index.php/admin/index/welcome.html
[ info ] localhost/tp5/public/index.php/admin/index/welcome.html [运行时间：0.017563s][吞吐率：56.94req/s] [内存消耗：244.76kb] [文件加载：44]
[ info ] [ LANG ] D:\wamp\www\tp5\thinkphp\lang\zh-cn.php
[ info ] [ ROUTE ] array (
  'type' => 'module',
  'module' => 
  array (
    0 => 'admin',
    1 => 'index',
    2 => 'welcome',
  ),
)
[ info ] [ HEADER ] array (
  'host' => 'localhost',
  'connection' => 'keep-alive',
  'pragma' => 'no-cache',
  'cache-control' => 'no-cache',
  'upgrade-insecure-requests' => '1',
  'user-agent' => 'Mozilla/5.0 (iPhone; CPU iPhone OS 11_0 like Mac OS X) AppleWebKit/604.1.38 (KHTML, like Gecko) Version/11.0 Mobile/15A372 Safari/604.1',
  'accept' => 'text/html,application/xhtml+xml,application/xml;q=0.9,image/webp,image/apng,*/*;q=0.8',
  'referer' => 'http://localhost/tp5/public/index.php/admin/index/index.html',
  'accept-encoding' => 'gzip, deflate, br',
  'accept-language' => 'zh-CN,zh;q=0.9',
  'cookie' => '_ga=GA1.1.1487500379.1548779839; Phpstorm-940db936=17d73fc3-0da8-49bf-81cb-2783263204ce; PHPSESSID=fpfhff5qq99vrgo3la521ea096',
)
[ info ] [ PARAM ] array (
)
[ info ] [ RUN ] app\admin\controller\Index->welcome[ D:\wamp\www\tp5\application\admin\controller\Index.php ]
[ info ] [ VIEW ] D:\wamp\www\tp5\public/../application/admin\view\index\welcome.html [ array (
) ]
[ info ] [ LOG ] INIT File
