---------------------------------------------------------------
[ 2019-02-07T15:59:32+08:00 ] 0.0.0.0 GET /tp5/public/index.php/admin/user/add.html
[ info ] localhost/tp5/public/index.php/admin/user/add.html [运行时间：0.055410s][吞吐率：18.05req/s] [内存消耗：245.85kb] [文件加载：45]
[ info ] [ LANG ] D:\wamp\www\tp5\thinkphp\lang\zh-cn.php
[ info ] [ ROUTE ] array (
  'type' => 'module',
  'module' => 
  array (
    0 => 'admin',
    1 => 'user',
    2 => 'add',
  ),
)
[ info ] [ HEADER ] array (
  'host' => 'localhost',
  'connection' => 'keep-alive',
  'upgrade-insecure-requests' => '1',
  'user-agent' => 'Mozilla/5.0 (Windows NT 10.0; WOW64) AppleWebKit/537.36 (KHTML, like Gecko) Chrome/70.0.3538.77 Safari/537.36',
  'accept' => 'text/html,application/xhtml+xml,application/xml;q=0.9,image/webp,image/apng,*/*;q=0.8',
  'referer' => 'http://localhost/tp5/public/index.php/admin/index/index.html',
  'accept-encoding' => 'gzip, deflate, br',
  'accept-language' => 'zh-CN,zh;q=0.9',
  'cookie' => '_ga=GA1.1.1487500379.1548779839; Phpstorm-940db936=17d73fc3-0da8-49bf-81cb-2783263204ce; PHPSESSID=fpfhff5qq99vrgo3la521ea096',
)
[ info ] [ PARAM ] array (
)
[ info ] [ RUN ] app\admin\controller\User->add[ D:\wamp\www\tp5\application\admin\controller\User.php ]
[ info ] [ VIEW ] D:\wamp\www\tp5\public/../application/admin\view\user\add.html [ array (
) ]
[ info ] [ LOG ] INIT File
---------------------------------------------------------------
[ 2019-02-07T15:59:34+08:00 ] 0.0.0.0 GET /tp5/public/index.php/admin/user/show.html
[ info ] localhost/tp5/public/index.php/admin/user/show.html [运行时间：0.085459s][吞吐率：11.70req/s] [内存消耗：506.64kb] [文件加载：57]
[ info ] [ LANG ] D:\wamp\www\tp5\thinkphp\lang\zh-cn.php
[ info ] [ ROUTE ] array (
  'type' => 'module',
  'module' => 
  array (
    0 => 'admin',
    1 => 'user',
    2 => 'show',
  ),
)
[ info ] [ HEADER ] array (
  'host' => 'localhost',
  'connection' => 'keep-alive',
  'upgrade-insecure-requests' => '1',
  'user-agent' => 'Mozilla/5.0 (Windows NT 10.0; WOW64) AppleWebKit/537.36 (KHTML, like Gecko) Chrome/70.0.3538.77 Safari/537.36',
  'accept' => 'text/html,application/xhtml+xml,application/xml;q=0.9,image/webp,image/apng,*/*;q=0.8',
  'referer' => 'http://localhost/tp5/public/index.php/admin/index/index.html',
  'accept-encoding' => 'gzip, deflate, br',
  'accept-language' => 'zh-CN,zh;q=0.9',
  'cookie' => '_ga=GA1.1.1487500379.1548779839; Phpstorm-940db936=17d73fc3-0da8-49bf-81cb-2783263204ce; PHPSESSID=fpfhff5qq99vrgo3la521ea096',
)
[ info ] [ PARAM ] array (
)
[ info ] [ RUN ] app\admin\controller\User->show[ D:\wamp\www\tp5\application\admin\controller\User.php ]
[ info ] [ DB ] INIT mysql
[ info ] [ VIEW ] D:\wamp\www\tp5\public/../application/admin\view\user\show.html [ array (
  0 => 'data',
) ]
[ info ] [ LOG ] INIT File
[ sql ] [ DB ] CONNECT:[ UseTime:0.011524s ] mysql:host=127.0.0.1;dbname=depot;charset=utf8
[ sql ] [ SQL ] SHOW COLUMNS FROM `user` [ RunTime:0.023796s ]
[ sql ] [ SQL ] SELECT COUNT(*) AS tp_count FROM `user` LIMIT 1 [ RunTime:0.005705s ]
[ sql ] [ SQL ] SELECT * FROM `user` ORDER BY id desc LIMIT 0,10 [ RunTime:0.001181s ]
---------------------------------------------------------------
[ 2019-02-07T15:59:42+08:00 ] 0.0.0.0 GET /tp5/public/index.php/index/index/index.html
[ info ] localhost/tp5/public/index.php/index/index/index.html [运行时间：0.025643s][吞吐率：39.00req/s] [内存消耗：259.87kb] [文件加载：48]
[ info ] [ LANG ] D:\wamp\www\tp5\thinkphp\lang\zh-cn.php
[ info ] [ ROUTE ] array (
  'type' => 'module',
  'module' => 
  array (
    0 => 'index',
    1 => 'index',
    2 => 'index',
  ),
)
[ info ] [ HEADER ] array (
  'host' => 'localhost',
  'connection' => 'keep-alive',
  'upgrade-insecure-requests' => '1',
  'user-agent' => 'Mozilla/5.0 (Windows NT 10.0; WOW64) AppleWebKit/537.36 (KHTML, like Gecko) Chrome/70.0.3538.77 Safari/537.36',
  'accept' => 'text/html,application/xhtml+xml,application/xml;q=0.9,image/webp,image/apng,*/*;q=0.8',
  'accept-encoding' => 'gzip, deflate, br',
  'accept-language' => 'zh-CN,zh;q=0.9',
  'cookie' => '_ga=GA1.1.1487500379.1548779839; Phpstorm-940db936=17d73fc3-0da8-49bf-81cb-2783263204ce; PHPSESSID=fpfhff5qq99vrgo3la521ea096',
)
[ info ] [ PARAM ] array (
)
[ info ] [ RUN ] app\index\controller\Index->index[ D:\wamp\www\tp5\application\index\controller\Index.php ]
[ info ] [ SESSION ] INIT array (
  'id' => '',
  'var_session_id' => '',
  'prefix' => 'think',
  'type' => '',
  'auto_start' => true,
)
[ info ] [ VIEW ] D:\wamp\www\tp5\public/../application/index\view\index\layout.html [ array (
  0 => 'menulist',
  1 => 'username',
) ]
[ info ] [ LOG ] INIT File
---------------------------------------------------------------
[ 2019-02-07T15:59:42+08:00 ] 0.0.0.0 GET /tp5/public/index.php/index/index/welcome.html
[ info ] localhost/tp5/public/index.php/index/index/welcome.html [运行时间：0.029113s][吞吐率：34.35req/s] [内存消耗：228.73kb] [文件加载：45]
[ info ] [ LANG ] D:\wamp\www\tp5\thinkphp\lang\zh-cn.php
[ info ] [ ROUTE ] array (
  'type' => 'module',
  'module' => 
  array (
    0 => 'index',
    1 => 'index',
    2 => 'welcome',
  ),
)
[ info ] [ HEADER ] array (
  'host' => 'localhost',
  'connection' => 'keep-alive',
  'upgrade-insecure-requests' => '1',
  'user-agent' => 'Mozilla/5.0 (Windows NT 10.0; WOW64) AppleWebKit/537.36 (KHTML, like Gecko) Chrome/70.0.3538.77 Safari/537.36',
  'accept' => 'text/html,application/xhtml+xml,application/xml;q=0.9,image/webp,image/apng,*/*;q=0.8',
  'referer' => 'http://localhost/tp5/public/index.php/index/index/index.html',
  'accept-encoding' => 'gzip, deflate, br',
  'accept-language' => 'zh-CN,zh;q=0.9',
  'cookie' => '_ga=GA1.1.1487500379.1548779839; Phpstorm-940db936=17d73fc3-0da8-49bf-81cb-2783263204ce; PHPSESSID=fpfhff5qq99vrgo3la521ea096',
)
[ info ] [ PARAM ] array (
)
[ info ] [ LOG ] INIT File
